[debug] [2026-06-01T12:51:30.868Z] ----------------------------------------------------------------------
[debug] [2026-06-01T12:51:30.906Z] Command:       C:\Program Files\nodejs\node.exe C:\Users\Gaurav Nagar\AppData\Roaming\npm\node_modules\firebase-tools\lib\bin\firebase.js projects:list
[debug] [2026-06-01T12:51:30.907Z] CLI Version:   15.19.0
[debug] [2026-06-01T12:51:30.908Z] Platform:      win32
[debug] [2026-06-01T12:51:30.909Z] Node Version:  v22.17.0
[debug] [2026-06-01T12:51:30.910Z] Time:          Mon Jun 01 2026 18:21:30 GMT+0530 (India Standard Time)
[debug] [2026-06-01T12:51:30.911Z] ----------------------------------------------------------------------
[debug] 
[debug] [2026-06-01T12:51:30.925Z] >>> [apiv2][query] GET https://firebase-public.firebaseio.com/cli.json [none]
[debug] [2026-06-01T12:51:32.751Z] > command requires scopes: ["email","openid","https://www.googleapis.com/auth/cloudplatformprojects.readonly","https://www.googleapis.com/auth/firebase","https://www.googleapis.com/auth/cloud-platform"]
[debug] [2026-06-01T12:51:32.753Z] > authorizing via signed-in user (gaurav@routemaster.online)
[debug] [2026-06-01T12:51:32.772Z] Checked if tokens are valid: false, expires at: 1779898836028
[debug] [2026-06-01T12:51:32.773Z] Checked if tokens are valid: false, expires at: 1779898836028
[debug] [2026-06-01T12:51:32.773Z] > refreshing access token with scopes: []
[debug] [2026-06-01T12:51:32.782Z] >>> [apiv2][query] POST https://www.googleapis.com/oauth2/v3/token [none]
[debug] [2026-06-01T12:51:32.782Z] >>> [apiv2][body] POST https://www.googleapis.com/oauth2/v3/token [omitted]
[debug] [2026-06-01T12:51:40.643Z] <<< [apiv2][status] GET https://firebase-public.firebaseio.com/cli.json 200
[debug] [2026-06-01T12:51:40.644Z] <<< [apiv2][body] GET https://firebase-public.firebaseio.com/cli.json {"cloudBuildErrorAfter":1594252800000,"cloudBuildWarnAfter":1590019200000,"defaultNode10After":1594252800000,"minVersion":"3.0.5","node8DeploysDisabledAfter":1613390400000,"node8RuntimeDisabledAfter":1615809600000,"node8WarnAfter":1600128000000}
[debug] [2026-06-01T12:51:43.586Z] <<< [apiv2][status] POST https://www.googleapis.com/oauth2/v3/token 400
[debug] [2026-06-01T12:51:43.586Z] <<< [apiv2][body] POST https://www.googleapis.com/oauth2/v3/token [omitted]
[error] Authentication Error: Your credentials are no longer valid. Please run firebase login --reauth

For CI servers and headless environments, generate a new token with firebase login:ci
[error] Authentication Error: Your credentials are no longer valid. Please run firebase login --reauth

For CI servers and headless environments, generate a new token with firebase login:ci
[debug] [2026-06-01T12:51:43.589Z] Authentication Error: Your credentials are no longer valid. Please run firebase login --reauth

For CI servers and headless environments, generate a new token with firebase login:ci
[debug] [2026-06-01T12:51:43.599Z] FirebaseError: Authentication Error: Your credentials are no longer valid. Please run firebase login --reauth

For CI servers and headless environments, generate a new token with firebase login:ci
    at invalidCredentialError (C:\Users\Gaurav Nagar\AppData\Roaming\npm\node_modules\firebase-tools\lib\auth.js:177:12)
    at refreshTokens (C:\Users\Gaurav Nagar\AppData\Roaming\npm\node_modules\firebase-tools\lib\auth.js:590:15)
    at process.processTicksAndRejections (node:internal/process/task_queues:105:5)
    at async getAccessToken (C:\Users\Gaurav Nagar\AppData\Roaming\npm\node_modules\firebase-tools\lib\apiv2.js:52:18)
    at async Client.addAuthHeader (C:\Users\Gaurav Nagar\AppData\Roaming\npm\node_modules\firebase-tools\lib\apiv2.js:182:21)
    at async Client.request (C:\Users\Gaurav Nagar\AppData\Roaming\npm\node_modules\firebase-tools\lib\apiv2.js:129:34)
    at async getProjectPage (C:\Users\Gaurav Nagar\AppData\Roaming\npm\node_modules\firebase-tools\lib\management\projects.js:287:17)
    at async getFirebaseProjectPage (C:\Users\Gaurav Nagar\AppData\Roaming\npm\node_modules\firebase-tools\lib\management\projects.js:304:23)
    at async listFirebaseProjects (C:\Users\Gaurav Nagar\AppData\Roaming\npm\node_modules\firebase-tools\lib\management\projects.js:333:29)
    at async Command.actionFn (C:\Users\Gaurav Nagar\AppData\Roaming\npm\node_modules\firebase-tools\lib\commands\projects-list.js:51:20)
[error] 
[error] Error: Failed to list Firebase projects. See firebase-debug.log for more info.
[debug] [2026-06-01T13:10:04.285Z] ----------------------------------------------------------------------
[debug] [2026-06-01T13:10:04.300Z] Command:       C:\Program Files\nodejs\node.exe C:\Users\Gaurav Nagar\AppData\Roaming\npm\node_modules\firebase-tools\lib\bin\firebase.js projects:list
[debug] [2026-06-01T13:10:04.301Z] CLI Version:   15.19.0
[debug] [2026-06-01T13:10:04.301Z] Platform:      win32
[debug] [2026-06-01T13:10:04.301Z] Node Version:  v22.17.0
[debug] [2026-06-01T13:10:04.302Z] Time:          Mon Jun 01 2026 18:40:04 GMT+0530 (India Standard Time)
[debug] [2026-06-01T13:10:04.303Z] ----------------------------------------------------------------------
[debug] 
[debug] [2026-06-01T13:10:04.863Z] > command requires scopes: ["email","openid","https://www.googleapis.com/auth/cloudplatformprojects.readonly","https://www.googleapis.com/auth/firebase","https://www.googleapis.com/auth/cloud-platform"]
[debug] [2026-06-01T13:10:04.864Z] > authorizing via signed-in user (gaurav@routemaster.online)
[debug] [2026-06-01T13:10:04.872Z] Checked if tokens are valid: false, expires at: 1779898836028
[debug] [2026-06-01T13:10:04.872Z] Checked if tokens are valid: false, expires at: 1779898836028
[debug] [2026-06-01T13:10:04.873Z] > refreshing access token with scopes: []
[debug] [2026-06-01T13:10:04.878Z] >>> [apiv2][query] POST https://www.googleapis.com/oauth2/v3/token [none]
[debug] [2026-06-01T13:10:04.878Z] >>> [apiv2][body] POST https://www.googleapis.com/oauth2/v3/token [omitted]
[debug] [2026-06-01T13:10:05.327Z] <<< [apiv2][status] POST https://www.googleapis.com/oauth2/v3/token 400
[debug] [2026-06-01T13:10:05.328Z] <<< [apiv2][body] POST https://www.googleapis.com/oauth2/v3/token [omitted]
[error] Authentication Error: Your credentials are no longer valid. Please run firebase login --reauth

For CI servers and headless environments, generate a new token with firebase login:ci
[error] Authentication Error: Your credentials are no longer valid. Please run firebase login --reauth

For CI servers and headless environments, generate a new token with firebase login:ci
[debug] [2026-06-01T13:10:05.330Z] Authentication Error: Your credentials are no longer valid. Please run firebase login --reauth

For CI servers and headless environments, generate a new token with firebase login:ci
[debug] [2026-06-01T13:10:05.333Z] FirebaseError: Authentication Error: Your credentials are no longer valid. Please run firebase login --reauth

For CI servers and headless environments, generate a new token with firebase login:ci
    at invalidCredentialError (C:\Users\Gaurav Nagar\AppData\Roaming\npm\node_modules\firebase-tools\lib\auth.js:177:12)
    at refreshTokens (C:\Users\Gaurav Nagar\AppData\Roaming\npm\node_modules\firebase-tools\lib\auth.js:590:15)
    at process.processTicksAndRejections (node:internal/process/task_queues:105:5)
    at async getAccessToken (C:\Users\Gaurav Nagar\AppData\Roaming\npm\node_modules\firebase-tools\lib\apiv2.js:52:18)
    at async Client.addAuthHeader (C:\Users\Gaurav Nagar\AppData\Roaming\npm\node_modules\firebase-tools\lib\apiv2.js:182:21)
    at async Client.request (C:\Users\Gaurav Nagar\AppData\Roaming\npm\node_modules\firebase-tools\lib\apiv2.js:129:34)
    at async getProjectPage (C:\Users\Gaurav Nagar\AppData\Roaming\npm\node_modules\firebase-tools\lib\management\projects.js:287:17)
    at async getFirebaseProjectPage (C:\Users\Gaurav Nagar\AppData\Roaming\npm\node_modules\firebase-tools\lib\management\projects.js:304:23)
    at async listFirebaseProjects (C:\Users\Gaurav Nagar\AppData\Roaming\npm\node_modules\firebase-tools\lib\management\projects.js:333:29)
    at async Command.actionFn (C:\Users\Gaurav Nagar\AppData\Roaming\npm\node_modules\firebase-tools\lib\commands\projects-list.js:51:20)
[error] 
[error] Error: Failed to list Firebase projects. See firebase-debug.log for more info.
[debug] [2026-06-01T13:15:25.259Z] ----------------------------------------------------------------------
[debug] [2026-06-01T13:15:25.265Z] Command:       C:\Program Files\nodejs\node.exe C:\Users\Gaurav Nagar\AppData\Roaming\npm\node_modules\firebase-tools\lib\bin\firebase.js projects:list --token AdpetEZkfWobkgHVsZjmisa9coKWwffdjVibAlfre6o0-aIK5vourOUPXbTawy5jJmxkomfbizwMZ7i7JPY2BpoW6F9YRq9I8kbmHa7ZJUId7r8bZ0at8KaRzb5fhqGrvQO0YZGLsmHR8Nm7bq3F5QbbQg
[debug] [2026-06-01T13:15:25.266Z] CLI Version:   15.19.0
[debug] [2026-06-01T13:15:25.266Z] Platform:      win32
[debug] [2026-06-01T13:15:25.266Z] Node Version:  v22.17.0
[debug] [2026-06-01T13:15:25.268Z] Time:          Mon Jun 01 2026 18:45:25 GMT+0530 (India Standard Time)
[debug] [2026-06-01T13:15:25.268Z] ----------------------------------------------------------------------
[debug] 
[debug] [2026-06-01T13:15:25.809Z] > command requires scopes: ["email","openid","https://www.googleapis.com/auth/cloudplatformprojects.readonly","https://www.googleapis.com/auth/firebase","https://www.googleapis.com/auth/cloud-platform"]
[debug] [2026-06-01T13:15:25.810Z] > authorizing via --token option
[warn] !  Authenticating with `--token` is deprecated and will be removed in a future major version of `firebase-tools`. Instead, use a service account key with `GOOGLE_APPLICATION_CREDENTIALS`: https://cloud.google.com/docs/authentication/getting-started 
[debug] [2026-06-01T13:15:25.820Z] No OAuth tokens found
[debug] [2026-06-01T13:15:25.821Z] No OAuth tokens found
[debug] [2026-06-01T13:15:25.821Z] > refreshing access token with scopes: []
[debug] [2026-06-01T13:15:25.825Z] >>> [apiv2][query] POST https://www.googleapis.com/oauth2/v3/token [none]
[debug] [2026-06-01T13:15:25.826Z] >>> [apiv2][body] POST https://www.googleapis.com/oauth2/v3/token [omitted]
[debug] [2026-06-01T13:15:26.151Z] <<< [apiv2][status] POST https://www.googleapis.com/oauth2/v3/token 400
[debug] [2026-06-01T13:15:26.151Z] <<< [apiv2][body] POST https://www.googleapis.com/oauth2/v3/token [omitted]
[debug] [2026-06-01T13:15:26.153Z] >>> [apiv2][query] GET https://firebase.googleapis.com/v1beta1/projects pageSize=1000
[debug] [2026-06-01T13:15:26.394Z] <<< [apiv2][status] GET https://firebase.googleapis.com/v1beta1/projects 401
[debug] [2026-06-01T13:15:26.394Z] <<< [apiv2][body] GET https://firebase.googleapis.com/v1beta1/projects [omitted]
[debug] [2026-06-01T13:15:26.394Z] Got a 401 Unauthenticated error for a call that required authentication. Refreshing tokens.
[debug] [2026-06-01T13:15:26.395Z] No OAuth tokens found
[debug] [2026-06-01T13:15:26.395Z] No OAuth tokens found
[debug] [2026-06-01T13:15:26.395Z] > refreshing access token with scopes: []
[debug] [2026-06-01T13:15:26.396Z] >>> [apiv2][query] POST https://www.googleapis.com/oauth2/v3/token [none]
[debug] [2026-06-01T13:15:26.396Z] >>> [apiv2][body] POST https://www.googleapis.com/oauth2/v3/token [omitted]
[debug] [2026-06-01T13:15:26.510Z] <<< [apiv2][status] POST https://www.googleapis.com/oauth2/v3/token 400
[debug] [2026-06-01T13:15:26.511Z] <<< [apiv2][body] POST https://www.googleapis.com/oauth2/v3/token [omitted]
[debug] [2026-06-01T13:15:26.512Z] Request to https://firebase.googleapis.com/v1beta1/projects?pageSize=1000 had HTTP Error: 401, Request had invalid authentication credentials. Expected OAuth 2 access token, login cookie or other valid authentication credential. See https://developers.google.com/identity/sign-in/web/devconsole-project.
[debug] [2026-06-01T13:15:26.514Z] FirebaseError: Request to https://firebase.googleapis.com/v1beta1/projects?pageSize=1000 had HTTP Error: 401, Request had invalid authentication credentials. Expected OAuth 2 access token, login cookie or other valid authentication credential. See https://developers.google.com/identity/sign-in/web/devconsole-project.
    at responseToError (C:\Users\Gaurav Nagar\AppData\Roaming\npm\node_modules\firebase-tools\lib\responseToError.js:53:12)
    at RetryOperation._fn (C:\Users\Gaurav Nagar\AppData\Roaming\npm\node_modules\firebase-tools\lib\apiv2.js:333:77)
    at process.processTicksAndRejections (node:internal/process/task_queues:105:5)
[error] 
[error] Error: Failed to list Firebase projects. See firebase-debug.log for more info.
